e:\уник\кпо\lab\lab\x64\debug\vc143.pdb
e:\уник\кпо\lab\lab\x64\debug\vc143.idb
e:\уник\кпо\lab\lab\x64\debug\lab_isvisoc.obj
e:\уник\кпо\lab\lab\x64\debug\lab_isvisoc.cod
e:\уник\кпо\lab\lab\x64\debug\lab_findporyad.obj
e:\уник\кпо\lab\lab\x64\debug\lab_findporyad.cod
e:\уник\кпо\lab\lab\x64\debug\lab_findbirthday.obj
e:\уник\кпо\lab\lab\x64\debug\lab_findbirthday.cod
e:\уник\кпо\lab\lab\x64\debug\lab.obj
e:\уник\кпо\lab\lab\x64\debug\lab.cod
e:\уник\кпо\lab\x64\debug\lab.exe
e:\уник\кпо\lab\lab\x64\debug\lab.ilk
e:\уник\кпо\lab\x64\debug\lab.pdb
e:\уник\кпо\lab\lab\x64\debug\lab.tlog\cl.command.1.tlog
e:\уник\кпо\lab\lab\x64\debug\lab.tlog\cl.items.tlog
e:\уник\кпо\lab\lab\x64\debug\lab.tlog\cl.read.1.tlog
e:\уник\кпо\lab\lab\x64\debug\lab.tlog\cl.write.1.tlog
e:\уник\кпо\lab\lab\x64\debug\lab.tlog\link.command.1.tlog
e:\уник\кпо\lab\lab\x64\debug\lab.tlog\link.read.1.tlog
e:\уник\кпо\lab\lab\x64\debug\lab.tlog\link.write.1.tlog
